Determining if the pthread_create exist failed with the following output:
Change Dir: /home/student/catkin_ws/build/CMakeFiles/CMakeTmp

Run Build Command:"/usr/bin/make" "cmTC_efb80/fast"
/usr/bin/make -f CMakeFiles/cmTC_efb80.dir/build.make CMakeFiles/cmTC_efb80.dir/build
make[1]: Entering directory '/home/student/catkin_ws/build/CMakeFiles/CMakeTmp'
Building C object CMakeFiles/cmTC_efb80.dir/CheckSymbolExists.c.o
/usr/bin/cc     -o CMakeFiles/cmTC_efb80.dir/CheckSymbolExists.c.o   -c /home/student/catkin_ws/build/CMakeFiles/CMakeTmp/CheckSymbolExists.c
Linking C executable cmTC_efb80
/usr/bin/cmake -E cmake_link_script CMakeFiles/cmTC_efb80.dir/link.txt --verbose=1
/usr/bin/cc       CMakeFiles/cmTC_efb80.dir/CheckSymbolExists.c.o  -o cmTC_efb80 -rdynamic 
CMakeFiles/cmTC_efb80.dir/CheckSymbolExists.c.o: In function `main':
CheckSymbolExists.c:(.text+0x16): undefined reference to `pthread_create'
collect2: error: ld returned 1 exit status
CMakeFiles/cmTC_efb80.dir/build.make:97: recipe for target 'cmTC_efb80' failed
make[1]: *** [cmTC_efb80] Error 1
make[1]: Leaving directory '/home/student/catkin_ws/build/CMakeFiles/CMakeTmp'
Makefile:126: recipe for target 'cmTC_efb80/fast' failed
make: *** [cmTC_efb80/fast] Error 2

File /home/student/catkin_ws/build/CMakeFiles/CMakeTmp/CheckSymbolExists.c:
/* */
#include <pthread.h>

int main(int argc, char** argv)
{
  (void)argv;
#ifndef pthread_create
  return ((int*)(&pthread_create))[argc];
#else
  (void)argc;
  return 0;
#endif
}

Determining if the function pthread_create exists in the pthreads failed with the following output:
Change Dir: /home/student/catkin_ws/build/CMakeFiles/CMakeTmp

Run Build Command:"/usr/bin/make" "cmTC_f373e/fast"
/usr/bin/make -f CMakeFiles/cmTC_f373e.dir/build.make CMakeFiles/cmTC_f373e.dir/build
make[1]: Entering directory '/home/student/catkin_ws/build/CMakeFiles/CMakeTmp'
Building C object CMakeFiles/cmTC_f373e.dir/CheckFunctionExists.c.o
/usr/bin/cc    -DCHECK_FUNCTION_EXISTS=pthread_create   -o CMakeFiles/cmTC_f373e.dir/CheckFunctionExists.c.o   -c /usr/share/cmake-3.5/Modules/CheckFunctionExists.c
Linking C executable cmTC_f373e
/usr/bin/cmake -E cmake_link_script CMakeFiles/cmTC_f373e.dir/link.txt --verbose=1
/usr/bin/cc   -DCHECK_FUNCTION_EXISTS=pthread_create    CMakeFiles/cmTC_f373e.dir/CheckFunctionExists.c.o  -o cmTC_f373e -rdynamic -lpthreads 
/usr/bin/ld: cannot find -lpthreads
collect2: error: ld returned 1 exit status
CMakeFiles/cmTC_f373e.dir/build.make:97: recipe for target 'cmTC_f373e' failed
make[1]: *** [cmTC_f373e] Error 1
make[1]: Leaving directory '/home/student/catkin_ws/build/CMakeFiles/CMakeTmp'
Makefile:126: recipe for target 'cmTC_f373e/fast' failed
make: *** [cmTC_f373e/fast] Error 2


